<?xml version="1.0" encoding="UTF-8"?>
<robot generator="Robot 5.0.1 (Python 3.10.5 on win32)" generated="20221207 15:29:48.234" rpa="false" schemaversion="3">
<suite id="s1" name="Testmanage" source="e:\Microsoftvs\Testmanage.robot">
<test id="s1-t1" name="TC066:Verfiy_Fleet_Management_In_Route_Configuration:" line="403">
<kw name="Login With Application Credentials:" library="Testconfig" type="SETUP">
<kw name="Open Browser" library="SeleniumLibrary">
<arg>${url}</arg>
<arg>${browser}</arg>
<doc>Opens a new browser instance to the optional ``url``.</doc>
<msg timestamp="20221207 15:29:55.033" level="INFO">Opening browser 'chrome' to base url 'https://iottez.com:8443/IOT_WEB_APP/'.</msg>
<status status="PASS" starttime="20221207 15:29:55.027" endtime="20221207 15:29:59.240"/>
</kw>
<kw name="Maximize Browser Window" library="SeleniumLibrary">
<doc>Maximizes current browser window.</doc>
<status status="PASS" starttime="20221207 15:29:59.244" endtime="20221207 15:29:59.467"/>
</kw>
<kw name="Input Text" library="SeleniumLibrary">
<arg>id:uname</arg>
<arg>${app}</arg>
<doc>Types the given ``text`` into the text field identified by ``locator``.</doc>
<msg timestamp="20221207 15:29:59.479" level="INFO">Typing text 'arorg' into text field 'id:uname'.</msg>
<status status="PASS" starttime="20221207 15:29:59.470" endtime="20221207 15:29:59.744"/>
</kw>
<kw name="Input Password" library="SeleniumLibrary">
<arg>id:pass</arg>
<arg>${app_pass}</arg>
<doc>Types the given password into the text field identified by ``locator``.</doc>
<msg timestamp="20221207 15:29:59.752" level="INFO">Typing password into text field 'id:pass'.</msg>
<msg timestamp="20221207 15:29:59.827" level="INFO">Temporally setting log level to: NONE</msg>
<msg timestamp="20221207 15:29:59.959" level="INFO">Log level changed from NONE to INFO.</msg>
<status status="PASS" starttime="20221207 15:29:59.749" endtime="20221207 15:29:59.959"/>
</kw>
<kw name="Click Button" library="SeleniumLibrary">
<arg>${submitbutton}</arg>
<doc>Clicks the button identified by ``locator``.</doc>
<msg timestamp="20221207 15:29:59.966" level="INFO">Clicking button 'xpath://*[@id="user_validation_form"]/div[4]/div[2]/div/button'.</msg>
<status status="PASS" starttime="20221207 15:29:59.961" endtime="20221207 15:30:01.025"/>
</kw>
<kw name="Sleep" library="BuiltIn">
<arg>2s</arg>
<doc>Pauses the test executed for the given time.</doc>
<msg timestamp="20221207 15:30:03.051" level="INFO">Slept 2 seconds</msg>
<status status="PASS" starttime="20221207 15:30:01.028" endtime="20221207 15:30:03.054"/>
</kw>
<kw name="Click Element" library="SeleniumLibrary">
<arg>${Login_Org}</arg>
<doc>Click the element identified by ``locator``.</doc>
<msg timestamp="20221207 15:30:03.071" level="INFO">Clicking element 'xpath:/html/body/div[1]/div[2]/div/div[2]/div/div/div[2]/div/div/input[1]'.</msg>
<status status="PASS" starttime="20221207 15:30:03.061" endtime="20221207 15:30:03.270"/>
</kw>
<kw name="Click Element" library="SeleniumLibrary">
<arg>${Continue}</arg>
<doc>Click the element identified by ``locator``.</doc>
<msg timestamp="20221207 15:30:03.277" level="INFO">Clicking element 'xpath:/html/body/div[1]/div[2]/div/div[2]/div/div/div[3]/button[1]'.</msg>
<status status="PASS" starttime="20221207 15:30:03.274" endtime="20221207 15:30:03.356"/>
</kw>
<status status="PASS" starttime="20221207 15:29:55.021" endtime="20221207 15:30:03.357"/>
</kw>
<kw name="Set Test Documentation" library="BuiltIn">
<arg>Executing_Login_Testcase</arg>
<doc>Sets documentation for the current test case.</doc>
<msg timestamp="20221207 15:30:03.360" level="INFO">Set test documentation to:
Executing_Login_Testcase</msg>
<status status="PASS" starttime="20221207 15:30:03.359" endtime="20221207 15:30:03.361"/>
</kw>
<kw name="Fleet_Management_In_Route_Configuration:" library="Testconfig">
<kw name="Sleep" library="BuiltIn">
<arg>2s</arg>
<doc>Pauses the test executed for the given time.</doc>
<msg timestamp="20221207 15:30:05.382" level="INFO">Slept 2 seconds</msg>
<status status="PASS" starttime="20221207 15:30:03.372" endtime="20221207 15:30:05.384"/>
</kw>
<kw name="Page Should Contain" library="SeleniumLibrary">
<arg>Organization - arorg</arg>
<doc>Verifies that current page contains ``text``.</doc>
<msg timestamp="20221207 15:30:05.447" level="INFO">Current page contains text 'Organization - arorg'.</msg>
<status status="PASS" starttime="20221207 15:30:05.387" endtime="20221207 15:30:05.450"/>
</kw>
<kw name="Sleep" library="BuiltIn">
<arg>2s</arg>
<doc>Pauses the test executed for the given time.</doc>
<msg timestamp="20221207 15:30:07.457" level="INFO">Slept 2 seconds</msg>
<status status="PASS" starttime="20221207 15:30:05.452" endtime="20221207 15:30:07.458"/>
</kw>
<kw name="Click Element" library="SeleniumLibrary">
<arg>xpath:/html/body/div[1]/div[1]/aside/section/ul/li[10]</arg>
<doc>Click the element identified by ``locator``.</doc>
<msg timestamp="20221207 15:30:07.462" level="INFO">Clicking element 'xpath:/html/body/div[1]/div[1]/aside/section/ul/li[10]'.</msg>
<status status="PASS" starttime="20221207 15:30:07.460" endtime="20221207 15:30:07.578"/>
</kw>
<kw name="Sleep" library="BuiltIn">
<arg>2s</arg>
<doc>Pauses the test executed for the given time.</doc>
<msg timestamp="20221207 15:30:09.593" level="INFO">Slept 2 seconds</msg>
<status status="PASS" starttime="20221207 15:30:07.582" endtime="20221207 15:30:09.594"/>
</kw>
<kw name="Click Element" library="SeleniumLibrary">
<arg>xpath:/html/body/div/div[1]/aside/section/ul/li[10]/ul/li[5]/a</arg>
<doc>Click the element identified by ``locator``.</doc>
<msg timestamp="20221207 15:30:09.598" level="INFO">Clicking element 'xpath:/html/body/div/div[1]/aside/section/ul/li[10]/ul/li[5]/a'.</msg>
<status status="PASS" starttime="20221207 15:30:09.596" endtime="20221207 15:30:11.061"/>
</kw>
<kw name="Sleep" library="BuiltIn">
<arg>2s</arg>
<doc>Pauses the test executed for the given time.</doc>
<msg timestamp="20221207 15:30:13.084" level="INFO">Slept 2 seconds</msg>
<status status="PASS" starttime="20221207 15:30:11.063" endtime="20221207 15:30:13.085"/>
</kw>
<kw name="Click Element" library="SeleniumLibrary">
<arg>xpath:/html/body/div/div[5]/div[1]/div[2]/button[2]</arg>
<doc>Click the element identified by ``locator``.</doc>
<msg timestamp="20221207 15:30:13.088" level="INFO">Clicking element 'xpath:/html/body/div/div[5]/div[1]/div[2]/button[2]'.</msg>
<status status="PASS" starttime="20221207 15:30:13.087" endtime="20221207 15:30:14.815"/>
</kw>
<kw name="Sleep" library="BuiltIn">
<arg>2s</arg>
<doc>Pauses the test executed for the given time.</doc>
<msg timestamp="20221207 15:30:16.838" level="INFO">Slept 2 seconds</msg>
<status status="PASS" starttime="20221207 15:30:14.823" endtime="20221207 15:30:16.839"/>
</kw>
<kw name="Select From List By Value" library="SeleniumLibrary">
<arg>${Device_Vehicle_Association_org}</arg>
<arg>${Fleet_vaild_value1_1}</arg>
<doc>Selects options from selection list ``locator`` by ``values``.</doc>
<msg timestamp="20221207 15:30:16.845" level="INFO">Selecting options from selection list 'xpath:/html/body/div/div[5]/div[2]/div[1]/select' by value 61.</msg>
<status status="PASS" starttime="20221207 15:30:16.841" endtime="20221207 15:30:17.075"/>
</kw>
<kw name="Sleep" library="BuiltIn">
<arg>2s</arg>
<doc>Pauses the test executed for the given time.</doc>
<msg timestamp="20221207 15:30:19.086" level="INFO">Slept 2 seconds</msg>
<status status="PASS" starttime="20221207 15:30:17.080" endtime="20221207 15:30:19.088"/>
</kw>
<kw name="Select From List By Value" library="SeleniumLibrary">
<arg>${Route_Config_Site}</arg>
<arg>${Fleet_vaild_value2_2}</arg>
<doc>Selects options from selection list ``locator`` by ``values``.</doc>
<msg timestamp="20221207 15:30:19.093" level="INFO">Selecting options from selection list 'xpath:/html/body/div/div[5]/div[2]/div[2]/select' by value 45.</msg>
<status status="PASS" starttime="20221207 15:30:19.090" endtime="20221207 15:30:19.287"/>
</kw>
<kw name="Sleep" library="BuiltIn">
<arg>2s</arg>
<doc>Pauses the test executed for the given time.</doc>
<msg timestamp="20221207 15:30:21.304" level="INFO">Slept 2 seconds</msg>
<status status="PASS" starttime="20221207 15:30:19.292" endtime="20221207 15:30:21.305"/>
</kw>
<kw name="Select From List By Value" library="SeleniumLibrary">
<arg>${Route_Config_App}</arg>
<arg>30</arg>
<doc>Selects options from selection list ``locator`` by ``values``.</doc>
<msg timestamp="20221207 15:30:21.311" level="INFO">Selecting options from selection list 'xpath:/html/body/div/div[5]/div[2]/div[3]/select' by value 30.</msg>
<status status="PASS" starttime="20221207 15:30:21.308" endtime="20221207 15:30:21.517"/>
</kw>
<kw name="Sleep" library="BuiltIn">
<arg>2s</arg>
<doc>Pauses the test executed for the given time.</doc>
<msg timestamp="20221207 15:30:23.539" level="INFO">Slept 2 seconds</msg>
<status status="PASS" starttime="20221207 15:30:21.522" endtime="20221207 15:30:23.540"/>
</kw>
<kw name="Input Text" library="SeleniumLibrary">
<arg>xpath:/html/body/div/div[5]/div[3]/div[1]/input</arg>
<arg>Villupuram</arg>
<doc>Types the given ``text`` into the text field identified by ``locator``.</doc>
<msg timestamp="20221207 15:30:23.547" level="INFO">Typing text 'Villupuram' into text field 'xpath:/html/body/div/div[5]/div[3]/div[1]/input'.</msg>
<status status="PASS" starttime="20221207 15:30:23.543" endtime="20221207 15:30:23.950"/>
</kw>
<kw name="Input Text" library="SeleniumLibrary">
<arg>xpath:/html/body/div/div[5]/div[3]/div[2]/input</arg>
<arg>Thiruvennainallur</arg>
<doc>Types the given ``text`` into the text field identified by ``locator``.</doc>
<msg timestamp="20221207 15:30:23.961" level="INFO">Typing text 'Thiruvennainallur' into text field 'xpath:/html/body/div/div[5]/div[3]/div[2]/input'.</msg>
<status status="PASS" starttime="20221207 15:30:23.957" endtime="20221207 15:30:24.295"/>
</kw>
<kw name="Input Text" library="SeleniumLibrary">
<arg>xpath:/html/body/div/div[5]/div[3]/div[3]/input</arg>
<arg>Route</arg>
<doc>Types the given ``text`` into the text field identified by ``locator``.</doc>
<msg timestamp="20221207 15:30:24.300" level="INFO">Typing text 'Route' into text field 'xpath:/html/body/div/div[5]/div[3]/div[3]/input'.</msg>
<status status="PASS" starttime="20221207 15:30:24.297" endtime="20221207 15:30:24.568"/>
</kw>
<kw name="Select From List By Label" library="SeleniumLibrary">
<arg>xpath:/html/body/div/div[5]/div[4]/div[1]/select</arg>
<arg>DRIVING</arg>
<doc>Selects options from selection list ``locator`` by ``labels``.</doc>
<msg timestamp="20221207 15:30:24.576" level="INFO">Selecting options from selection list 'xpath:/html/body/div/div[5]/div[4]/div[1]/select' by label DRIVING.</msg>
<status status="PASS" starttime="20221207 15:30:24.572" endtime="20221207 15:30:24.766"/>
</kw>
<kw name="Click Element" library="SeleniumLibrary">
<arg>xpath:/html/body/div/div[5]/div[5]/div[1]/button</arg>
<doc>Click the element identified by ``locator``.</doc>
<msg timestamp="20221207 15:30:24.773" level="INFO">Clicking element 'xpath:/html/body/div/div[5]/div[5]/div[1]/button'.</msg>
<status status="PASS" starttime="20221207 15:30:24.768" endtime="20221207 15:30:24.892"/>
</kw>
<kw name="Execute Javascript" library="SeleniumLibrary">
<arg>Window,scrollBy(1600,1600)</arg>
<doc>Executes the given JavaScript code with possible arguments.</doc>
<msg timestamp="20221207 15:30:24.897" level="INFO">Executing JavaScript:
Window,scrollBy(1600,1600)
Without any arguments.</msg>
<status status="PASS" starttime="20221207 15:30:24.895" endtime="20221207 15:30:24.921"/>
</kw>
<status status="PASS" starttime="20221207 15:30:03.367" endtime="20221207 15:30:24.926"/>
</kw>
<doc>Executing_Login_Testcase</doc>
<tag>Fleet_Management_Route_Configuration_case</tag>
<status status="PASS" starttime="20221207 15:29:55.009" endtime="20221207 15:30:24.933"/>
</test>
<status status="PASS" starttime="20221207 15:29:48.261" endtime="20221207 15:30:24.947"/>
</suite>
<statistics>
<total>
<stat pass="1" fail="0" skip="0">All Tests</stat>
</total>
<tag>
<stat pass="1" fail="0" skip="0">Fleet_Management_Route_Configuration_case</stat>
</tag>
<suite>
<stat pass="1" fail="0" skip="0" id="s1" name="Testmanage">Testmanage</stat>
</suite>
</statistics>
<errors>
<msg timestamp="20221207 15:29:53.998" level="WARN">Imported library 'RobotMongoDBLibrary' contains no keywords.</msg>
</errors>
</robot>
